#
# An unexpected error has been detected by HotSpot Virtual Machine:
#
#  EXCEPTION_ACCESS_VIOLATION (0xc0000005) at pc=0x6d767a68, pid=1744, tid=1892
#
# Java VM: Java HotSpot(TM) Client VM (1.5.0_06-b05 mixed mode, sharing)
# Problematic frame:
# V  [jvm.dll+0x87a68]
#

---------------  T H R E A D  ---------------

Current thread (0x02d3dc20):  JavaThread "Thread-2" [_thread_in_vm, id=1892]

siginfo: ExceptionCode=0xc0000005, reading address 0x00000000

Registers:
EAX=0x00000000, EBX=0x26af8730, ECX=0x0000deab, EDX=0x6d767a4d
ESP=0x0317e388, EBP=0x0317e3a0, ESI=0x02d3dc20, EDI=0x7c9010ed
EIP=0x6d767a68, EFLAGS=0x00010246

Top of Stack: (sp=0x0317e388)
0x0317e388:   02d3dc20 00000006 02d3dce0 7c9010ed
0x0317e398:   02d3dce0 26af8730 0317e818 1000235a
0x0317e3a8:   02d3dce0 00000000 10009460 02d3dc20
0x0317e3b8:   26af8728 4a5f0000 0000003c 00000000
0x0317e3c8:   00000000 00000000 00000000 00000010
0x0317e3d8:   00000000 00000000 00000000 00000000
0x0317e3e8:   00000000 00000000 00000000 00000000
0x0317e3f8:   00000000 0000affe 0317e374 00010200 

Instructions: (pc=0x6d767a68)
0x6d767a58:   1d fe ff 8b f0 6a 06 56 e8 36 9c fb ff 8b 45 0c
0x6d767a68:   ff 30 e8 2b d3 ff ff 8b f8 8b 47 44 83 c7 08 83 


Stack: [0x03140000,0x03180000),  sp=0x0317e388,  free space=248k
Native frames: (J=compiled Java code, j=interpreted, Vv=VM code, C=native code)
V  [jvm.dll+0x87a68]
C  [intelbth.dll+0x235a]
j  javax.bluetooth.RemoteDevice.getFriendlyName(Z)Ljava/lang/String;+34
j  citar.diablu.com.bt.DiABluBTDeviceDiscovery.deviceDiscovered(Ljavax/bluetooth/RemoteDevice;Ljavax/bluetooth/DeviceClass;)V+39
v  ~StubRoutines::call_stub
V  [jvm.dll+0x845a9]
V  [jvm.dll+0xd9317]
V  [jvm.dll+0x8447a]
V  [jvm.dll+0x89835]
C  [intelbth.dll+0x121e]

Java frames: (J=compiled Java code, j=interpreted, Vv=VM code)
j  com.intel.bluetooth.BluetoothPeer.getpeername(J)Ljava/lang/String;+0
j  javax.bluetooth.RemoteDevice.getFriendlyName(Z)Ljava/lang/String;+34
j  citar.diablu.com.bt.DiABluBTDeviceDiscovery.deviceDiscovered(Ljavax/bluetooth/RemoteDevice;Ljavax/bluetooth/DeviceClass;)V+39
v  ~StubRoutines::call_stub
j  com.intel.bluetooth.BluetoothPeer.doInquiry(ILjavax/bluetooth/DiscoveryListener;)I+0
j  com.intel.bluetooth.BluetoothPeer$InquiryThread.run()V+16
v  ~StubRoutines::call_stub

---------------  P R O C E S S  ---------------

Java Threads: ( => current thread )
  0x02d4dff8 JavaThread "TimerQueue" daemon [_thread_blocked, id=2200]
=>0x02d3dc20 JavaThread "Thread-2" [_thread_in_vm, id=1892]
  0x02c999c0 JavaThread "AWT-EventQueue-0" [_thread_blocked, id=3056]
  0x00acfe18 JavaThread "AWT-Windows" daemon [_thread_in_native, id=4024]
  0x00acf998 JavaThread "AWT-Shutdown" [_thread_blocked, id=2296]
  0x00a851c8 JavaThread "Java2D Disposer" daemon [_thread_blocked, id=3592]
  0x00a6ea00 JavaThread "Low Memory Detector" daemon [_thread_blocked, id=3548]
  0x00a6d700 JavaThread "CompilerThread0" daemon [_thread_blocked, id=3444]
  0x00a6ca18 JavaThread "Signal Dispatcher" daemon [_thread_blocked, id=3412]
  0x00a47008 JavaThread "Finalizer" daemon [_thread_blocked, id=3500]
  0x00a39bc0 JavaThread "Reference Handler" daemon [_thread_blocked, id=368]
  0x000361d0 JavaThread "main" [_thread_blocked, id=1372]

Other Threads:
  0x00a38a58 VMThread [id=2448]
  0x00a6c7e8 WatcherThread [id=2120]

VM state:not at safepoint (normal execution)

VM Mutex/Monitor currently owned by a thread: None

Heap
 def new generation   total 576K, used 387K [0x22a80000, 0x22b20000, 0x22f60000)
  eden space 512K,  63% used [0x22a80000, 0x22ad0c10, 0x22b00000)
  from space 64K,  99% used [0x22b10000, 0x22b1fff8, 0x22b20000)
  to   space 64K,   0% used [0x22b00000, 0x22b00000, 0x22b10000)
 tenured generation   total 1408K, used 1096K [0x22f60000, 0x230c0000, 0x26a80000)
   the space 1408K,  77% used [0x22f60000, 0x230722c0, 0x23072400, 0x230c0000)
 compacting perm gen  total 8192K, used 534K [0x26a80000, 0x27280000, 0x2aa80000)
   the space 8192K,   6% used [0x26a80000, 0x26b05870, 0x26b05a00, 0x27280000)
    ro space 8192K,  66% used [0x2aa80000, 0x2afdbcc0, 0x2afdbe00, 0x2b280000)
    rw space 12288K,  46% used [0x2b280000, 0x2b822060, 0x2b822200, 0x2be80000)

Dynamic libraries:
0x00400000 - 0x0040c000 	C:\Program Files\Java\jdk1.5.0_06\jre\bin\java.exe
0x7c900000 - 0x7c9b0000 	C:\WINDOWS\system32\ntdll.dll
0x7c800000 - 0x7c8f4000 	C:\WINDOWS\system32\kernel32.dll
0x77dd0000 - 0x77e6b000 	C:\WINDOWS\system32\ADVAPI32.dll
0x77e70000 - 0x77f01000 	C:\WINDOWS\system32\RPCRT4.dll
0x77c10000 - 0x77c68000 	C:\WINDOWS\system32\MSVCRT.dll
0x6d6e0000 - 0x6d874000 	C:\Program Files\Java\jdk1.5.0_06\jre\bin\client\jvm.dll
0x77d40000 - 0x77dd0000 	C:\WINDOWS\system32\USER32.dll
0x77f10000 - 0x77f57000 	C:\WINDOWS\system32\GDI32.dll
0x76b40000 - 0x76b6d000 	C:\WINDOWS\system32\WINMM.dll
0x6bd00000 - 0x6bd0d000 	C:\WINDOWS\system32\SYNCOR11.DLL
0x6d2f0000 - 0x6d2f8000 	C:\Program Files\Java\jdk1.5.0_06\jre\bin\hpi.dll
0x76bf0000 - 0x76bfb000 	C:\WINDOWS\system32\PSAPI.DLL
0x6d6b0000 - 0x6d6bc000 	C:\Program Files\Java\jdk1.5.0_06\jre\bin\verify.dll
0x6d370000 - 0x6d38d000 	C:\Program Files\Java\jdk1.5.0_06\jre\bin\java.dll
0x6d6d0000 - 0x6d6df000 	C:\Program Files\Java\jdk1.5.0_06\jre\bin\zip.dll
0x6d070000 - 0x6d1d7000 	C:\Program Files\Java\jdk1.5.0_06\jre\bin\awt.dll
0x73000000 - 0x73026000 	C:\WINDOWS\system32\WINSPOOL.DRV
0x76390000 - 0x763ad000 	C:\WINDOWS\system32\IMM32.dll
0x774e0000 - 0x7761d000 	C:\WINDOWS\system32\ole32.dll
0x5ad70000 - 0x5ada8000 	C:\WINDOWS\system32\uxtheme.dll
0x73760000 - 0x737a9000 	C:\WINDOWS\system32\ddraw.dll
0x73bc0000 - 0x73bc6000 	C:\WINDOWS\system32\DCIMAN32.dll
0x6d2b0000 - 0x6d2ed000 	C:\Program Files\Java\jdk1.5.0_06\jre\bin\fontmanager.dll
0x74720000 - 0x7476b000 	C:\WINDOWS\system32\MSCTF.dll
0x7c9c0000 - 0x7d1d5000 	C:\WINDOWS\system32\shell32.dll
0x77f60000 - 0x77fd6000 	C:\WINDOWS\system32\SHLWAPI.dll
0x773d0000 - 0x774d2000 	C:\WINDOWS\WinSxS\x86_Microsoft.Windows.Common-Controls_6595b64144ccf1df_6.0.2600.2180_x-ww_a84f1ff9\comctl32.dll
0x5d090000 - 0x5d127000 	C:\WINDOWS\system32\comctl32.dll
0x6d530000 - 0x6d543000 	C:\Program Files\Java\jdk1.5.0_06\jre\bin\net.dll
0x71ab0000 - 0x71ac7000 	C:\WINDOWS\system32\WS2_32.dll
0x71aa0000 - 0x71aa8000 	C:\WINDOWS\system32\WS2HELP.dll
0x6d550000 - 0x6d559000 	C:\Program Files\Java\jdk1.5.0_06\jre\bin\nio.dll
0x10000000 - 0x10010000 	C:\WINDOWS\system32\intelbth.dll
0x58f20000 - 0x58f80000 	C:\WINDOWS\system32\irprops.cpl
0x72a90000 - 0x72ad8000 	C:\WINDOWS\system32\DEVMGR.DLL
0x77920000 - 0x77a13000 	C:\WINDOWS\system32\SETUPAPI.dll
0x77c00000 - 0x77c08000 	C:\WINDOWS\system32\VERSION.dll
0x76d30000 - 0x76d34000 	C:\WINDOWS\system32\WMI.dll
0x71b20000 - 0x71b32000 	C:\WINDOWS\system32\MPR.dll
0x71ad0000 - 0x71ad9000 	C:\WINDOWS\system32\WSOCK32.dll
0x20000000 - 0x202c5000 	C:\WINDOWS\system32\XPSP2RES.DLL
0x71a50000 - 0x71a8f000 	C:\WINDOWS\system32\mswsock.dll
0x662b0000 - 0x66308000 	C:\WINDOWS\system32\hnetcfg.dll
0x751d0000 - 0x751ee000 	C:\WINDOWS\System32\wshBth.dll
0x76c30000 - 0x76c5e000 	C:\WINDOWS\system32\WINTRUST.dll
0x77a80000 - 0x77b14000 	C:\WINDOWS\system32\CRYPT32.dll
0x77b20000 - 0x77b32000 	C:\WINDOWS\system32\MSASN1.dll
0x76c90000 - 0x76cb8000 	C:\WINDOWS\system32\IMAGEHLP.dll

VM Arguments:
java_command: citar.diablu.bc.DiABluBC
Launcher Type: SUN_STANDARD

Environment Variables:
PATH=C:\WINDOWS\system32;C:\WINDOWS;C:\WINDOWS\System32\Wbem
USERNAME=nrodrigues
OS=Windows_NT
PROCESSOR_IDENTIFIER=x86 Family 15 Model 4 Stepping 1, GenuineIntel



---------------  S Y S T E M  ---------------

OS: Windows XP Build 2600 Service Pack 2

CPU:total 2 family 15, cmov, cx8, fxsr, mmx, sse, sse2, ht

Memory: 4k page, physical 1039804k(370116k free), swap 1718440k(1206120k free)

vm_info: Java HotSpot(TM) Client VM (1.5.0_06-b05) for windows-x86, built on Nov 10 2005 11:12:14 by "java_re" with MS VC++ 6.0

